欢迎关注xx<xml><ToUserName><![CDATA[gh_c165d637c87a]]></ToUserName>
<FromUserName><![CDATA[ovgu16IbL9fRTw8QCbRQBClwQK3o]]></FromUserName>
<CreateTime>1605234594</CreateTime>
<MsgType><![CDATA[event]]></MsgType>
<Event><![CDATA[subscribe]]></Event>
<EventKey><![CDATA[]]></EventKey>
</xml>
<xml><ToUserName><![CDATA[gh_c165d637c87a]]></ToUserName>
<FromUserName><![CDATA[ovgu16IbL9fRTw8QCbRQBClwQK3o]]></FromUserName>
<CreateTime>1605234594</CreateTime>
<MsgType><![CDATA[event]]></MsgType>
<Event><![CDATA[subscribe]]></Event>
<EventKey><![CDATA[]]></EventKey>
</xml>
<xml><ToUserName><![CDATA[gh_c165d637c87a]]></ToUserName>
<FromUserName><![CDATA[ovgu16IbL9fRTw8QCbRQBClwQK3o]]></FromUserName>
<CreateTime>1605234594</CreateTime>
<MsgType><![CDATA[event]]></MsgType>
<Event><![CDATA[subscribe]]></Event>
<EventKey><![CDATA[]]></EventKey>
</xml>
<xml><ToUserName><![CDATA[gh_c165d637c87a]]></ToUserName>
<FromUserName><![CDATA[ovgu16IbL9fRTw8QCbRQBClwQK3o]]></FromUserName>
<CreateTime>1605234594</CreateTime>
<MsgType><![CDATA[event]]></MsgType>
<Event><![CDATA[subscribe]]></Event>
<EventKey><![CDATA[]]></EventKey>
</xml>
<xml><ToUserName><![CDATA[gh_c165d637c87a]]></ToUserName>
<FromUserName><![CDATA[ovgu16IbL9fRTw8QCbRQBClwQK3o]]></FromUserName>
<CreateTime>1605234594</CreateTime>
<MsgType><![CDATA[event]]></MsgType>
<Event><![CDATA[subscribe]]></Event>
<EventKey><![CDATA[]]></EventKey>
</xml>
<xml><ToUserName><![CDATA[gh_c165d637c87a]]></ToUserName>
<FromUserName><![CDATA[ovgu16IbL9fRTw8QCbRQBClwQK3o]]></FromUserName>
<CreateTime>1605234594</CreateTime>
<MsgType><![CDATA[event]]></MsgType>
<Event><![CDATA[subscribe]]></Event>
<EventKey><![CDATA[]]></EventKey>
</xml>
<xml><ToUserName><![CDATA[gh_c165d637c87a]]></ToUserName>
<FromUserName><![CDATA[ovgu16IbL9fRTw8QCbRQBClwQK3o]]></FromUserName>
<CreateTime>1605234594</CreateTime>
<MsgType><![CDATA[event]]></MsgType>
<Event><![CDATA[subscribe]]></Event>
<EventKey><![CDATA[]]></EventKey>
</xml><xml><ToUserName><![CDATA[gh_c165d637c87a]]></ToUserName>
<FromUserName><![CDATA[ovgu16IbL9fRTw8QCbRQBClwQK3o]]></FromUserName>
<CreateTime>1605234594</CreateTime>
<MsgType><![CDATA[event]]></MsgType>
<Event><![CDATA[subscribe]]></Event>
<EventKey><![CDATA[]]></EventKey>
</xml><xml><ToUserName><![CDATA[gh_c165d637c87a]]></ToUserName>
<FromUserName><![CDATA[ovgu16IbL9fRTw8QCbRQBClwQK3o]]></FromUserName>
<CreateTime>1605234594</CreateTime>
<MsgType><![CDATA[event]]></MsgType>
<Event><![CDATA[subscribe]]></Event>
<EventKey><![CDATA[]]></EventKey>
</xml><xml><ToUserName><![CDATA[gh_c165d637c87a]]></ToUserName>
<FromUserName><![CDATA[ovgu16IbL9fRTw8QCbRQBClwQK3o]]></FromUserName>
<CreateTime>1605234594</CreateTime>
<MsgType><![CDATA[event]]></MsgType>
<Event><![CDATA[subscribe]]></Event>
<EventKey><![CDATA[]]></EventKey>
</xml>
<xml><ToUserName>gh_c165d637c87a</ToUserName>
<FromUserName><![CDATA[ovgu16IbL9fRTw8QCbRQBClwQK3o]]></FromUserName>
<CreateTime>1605234594</CreateTime>
<MsgType><![CDATA[event]]></MsgType>
<Event><![CDATA[subscribe]]></Event>
<EventKey><![CDATA[]]></EventKey>
</xml>
<xml><ToUserName>gh_c165d637c87a</ToUserName>
<FromUserName><![CDATA[ovgu16IbL9fRTw8QCbRQBClwQK3o]]></FromUserName>
<CreateTime>1605234594</CreateTime>
<MsgType><![CDATA[event]]></MsgType>
<Event><![CDATA[subscribe]]></Event>
<EventKey><![CDATA[]]></EventKey>
</xml>
<xml><ToUserName>gh_c165d637c87a</ToUserName>
<FromUserName><![CDATA[ovgu16IbL9fRTw8QCbRQBClwQK3o]]></FromUserName>
<CreateTime>1605234594</CreateTime>
<MsgType><![CDATA[event]]></MsgType>
<Event><![CDATA[subscribe]]></Event>
<EventKey><![CDATA[]]></EventKey>
</xml>
